11:37:54.818 INFO - Launching a standalone Selenium Server
11:37:54.862 INFO - Java: Oracle Corporation 25.40-b25
11:37:54.862 INFO - OS: Mac OS X 10.11.3 x86_64
11:37:54.888 INFO - v2.49.1, with Core v2.49.1. Built from revision 7203e46
11:37:54.964 INFO - Driver provider org.openqa.selenium.ie.InternetExplorerDriver registration is skipped:
registration capabilities Capabilities [{ensureCleanSession=true, browserName=internet explorer, version=, platform=WINDOWS}] does not match the current platform MAC
11:37:54.964 INFO - Driver provider org.openqa.selenium.edge.EdgeDriver registration is skipped:
registration capabilities Capabilities [{browserName=MicrosoftEdge, version=, platform=WINDOWS}] does not match the current platform MAC
11:37:54.964 INFO - Driver class not found: com.opera.core.systems.OperaDriver
11:37:54.965 INFO - Driver provider com.opera.core.systems.OperaDriver is not registered
11:37:55.085 INFO - RemoteWebDriver instances should connect to: http://127.0.0.1:4444/wd/hub
11:37:55.085 INFO - Selenium Server is up and running
11:37:55.360 INFO - Executing: [new session: Capabilities [{acceptSslCerts=true, name=Features / App Spec, browserName=firefox, javascriptEnabled=true, platform=ANY}]])
11:37:55.374 INFO - Creating a new session for Capabilities [{acceptSslCerts=true, name=Features / App Spec, browserName=firefox, javascriptEnabled=true, platform=ANY}]
11:37:58.023 INFO - Done: [new session: Capabilities [{acceptSslCerts=true, name=Features / App Spec, browserName=firefox, javascriptEnabled=true, platform=ANY}]]
11:37:58.038 INFO - Executing: [get: http://www.google.com])
11:37:59.561 INFO - Done: [get: http://www.google.com]
11:37:59.571 INFO - Executing: [find elements: By.cssSelector: body])
11:37:59.632 INFO - Done: [find elements: By.cssSelector: body]
11:37:59.638 INFO - Executing: [is displayed: 0 [[FirefoxDriver: firefox on MAC (775e6a16-ec91-bf4e-8c82-2f67c175506a)] -> css selector: body]])
11:37:59.651 INFO - Done: [is displayed: 0 [[FirefoxDriver: firefox on MAC (775e6a16-ec91-bf4e-8c82-2f67c175506a)] -> css selector: body]]
11:37:59.658 INFO - Executing: [find element: By.cssSelector: input[type=text]])
11:37:59.668 INFO - Done: [find element: By.cssSelector: input[type=text]]
11:37:59.673 INFO - Executing: [send keys: 1 [[FirefoxDriver: firefox on MAC (775e6a16-ec91-bf4e-8c82-2f67c175506a)] -> css selector: input[type=text]], [T, o, m,  , C, o, a, k, e, s]])
11:37:59.771 INFO - Done: [send keys: 1 [[FirefoxDriver: firefox on MAC (775e6a16-ec91-bf4e-8c82-2f67c175506a)] -> css selector: input[type=text]], [T, o, m,  , C, o, a, k, e, s]]
11:37:59.778 INFO - Executing: [find elements: By.cssSelector: button[name=btnG]])
11:37:59.787 INFO - Done: [find elements: By.cssSelector: button[name=btnG]]
11:37:59.790 INFO - Executing: [is displayed: 2 [[FirefoxDriver: firefox on MAC (775e6a16-ec91-bf4e-8c82-2f67c175506a)] -> css selector: button[name=btnG]]])
11:37:59.805 INFO - Done: [is displayed: 2 [[FirefoxDriver: firefox on MAC (775e6a16-ec91-bf4e-8c82-2f67c175506a)] -> css selector: button[name=btnG]]]
11:37:59.810 INFO - Executing: [find element: By.cssSelector: button[name=btnG]])
11:37:59.969 INFO - Done: [find element: By.cssSelector: button[name=btnG]]
11:37:59.974 INFO - Executing: [click: 2 [[FirefoxDriver: firefox on MAC (775e6a16-ec91-bf4e-8c82-2f67c175506a)] -> css selector: button[name=btnG]]])
11:38:00.066 INFO - Done: [click: 2 [[FirefoxDriver: firefox on MAC (775e6a16-ec91-bf4e-8c82-2f67c175506a)] -> css selector: button[name=btnG]]]
11:38:01.077 INFO - Executing: [find element: By.cssSelector: #main])
11:38:01.091 INFO - Done: [find element: By.cssSelector: #main]
11:38:01.095 INFO - Executing: [get text: 3 [[FirefoxDriver: firefox on MAC (775e6a16-ec91-bf4e-8c82-2f67c175506a)] -> css selector: #main]])
11:38:02.389 INFO - Done: [get text: 3 [[FirefoxDriver: firefox on MAC (775e6a16-ec91-bf4e-8c82-2f67c175506a)] -> css selector: #main]]
11:38:02.396 INFO - Executing: [delete session: a5c3cfcc-ffdd-4f3b-a620-d46598eefdbb])
11:38:02.476 INFO - Done: [delete session: a5c3cfcc-ffdd-4f3b-a620-d46598eefdbb]
